{"uuid":"90e32ecd-0088-48e8-bdb6-b16c69bbb590","historyId":"c689e1a5bcbcef6023d1c7bf12d4cea9","fullName":"basic.Hotelcom.getHotelList","labels":[{"name":"package","value":"basic.Hotelcom"},{"name":"testClass","value":"basic.Hotelcom"},{"name":"testMethod","value":"getHotelList"},{"name":"parentSuite","value":"Default Suite"},{"name":"suite","value":"edureka_selenium_certification"},{"name":"subSuite","value":"basic.Hotelcom"},{"name":"host","value":"Mds-MacBook-Pro"},{"name":"thread","value":"9213@Mds-MacBook-Pro.main(1)"}],"links":[],"name":"getHotelList","status":"broken","statusDetails":{"known":false,"muted":false,"flaky":false,"message":"Expected condition failed: waiting for visibility of element located by By.xpath: //input[@id='q-destination'] (tried for 30 second(s) with 500 milliseconds interval)","trace":"org.openqa.selenium.TimeoutException: Expected condition failed: waiting for visibility of element located by By.xpath: //input[@id='q-destination'] (tried for 30 second(s) with 500 milliseconds interval)\n\tat org.openqa.selenium.support.ui.WebDriverWait.timeoutException(WebDriverWait.java:113)\n\tat org.openqa.selenium.support.ui.FluentWait.until(FluentWait.java:283)\n\tat basic.Hotelcom.getHotelList(Hotelcom.java:25)\n\tat sun.reflect.NativeMethodAccessorImpl.invoke0(Native Method)\n\tat sun.reflect.NativeMethodAccessorImpl.invoke(NativeMethodAccessorImpl.java:62)\n\tat sun.reflect.DelegatingMethodAccessorImpl.invoke(DelegatingMethodAccessorImpl.java:43)\n\tat java.lang.reflect.Method.invoke(Method.java:498)\n\tat org.testng.internal.MethodInvocationHelper.invokeMethod(MethodInvocationHelper.java:131)\n\tat org.testng.internal.Invoker.invokeMethod(Invoker.java:658)\n\tat org.testng.internal.Invoker.invokeTestMethod(Invoker.java:792)\n\tat org.testng.internal.Invoker.invokeTestMethods(Invoker.java:1103)\n\tat org.testng.internal.TestMethodWorker.invokeTestMethods(TestMethodWorker.java:140)\n\tat org.testng.internal.TestMethodWorker.run(TestMethodWorker.java:122)\n\tat org.testng.TestRunner.privateRun(TestRunner.java:739)\n\tat org.testng.TestRunner.run(TestRunner.java:589)\n\tat org.testng.SuiteRunner.runTest(SuiteRunner.java:398)\n\tat org.testng.SuiteRunner.runSequentially(SuiteRunner.java:392)\n\tat org.testng.SuiteRunner.privateRun(SuiteRunner.java:354)\n\tat org.testng.SuiteRunner.run(SuiteRunner.java:302)\n\tat org.testng.SuiteRunnerWorker.runSuite(SuiteRunnerWorker.java:53)\n\tat org.testng.SuiteRunnerWorker.run(SuiteRunnerWorker.java:96)\n\tat org.testng.TestNG.runSuitesSequentially(TestNG.java:1145)\n\tat org.testng.TestNG.runSuitesLocally(TestNG.java:1067)\n\tat org.testng.TestNG.runSuites(TestNG.java:997)\n\tat org.testng.TestNG.run(TestNG.java:965)\n\tat org.testng.IDEARemoteTestNG.run(IDEARemoteTestNG.java:72)\n\tat org.testng.RemoteTestNGStarter.main(RemoteTestNGStarter.java:127)\nCaused by: org.openqa.selenium.NoSuchElementException: Cannot locate an element using By.xpath: //input[@id='q-destination']\nFor documentation on this error, please visit: http://seleniumhq.org/exceptions/no_such_element.html\nBuild info: version: '3.14.0', revision: 'aacccce0', time: '2018-08-02T20:19:58.91Z'\nSystem info: host: 'Mds-MacBook-Pro', ip: 'fe80:0:0:0:14b8:7486:ddb1:a6a1%en0', os.name: 'Mac OS X', os.arch: 'x86_64', os.version: '10.13.6', java.version: '1.8.0_151'\nDriver info: driver.version: unknown\n\tat org.openqa.selenium.support.ui.ExpectedConditions.lambda$findElement$0(ExpectedConditions.java:896)\n\tat java.util.Optional.orElseThrow(Optional.java:290)\n\tat org.openqa.selenium.support.ui.ExpectedConditions.findElement(ExpectedConditions.java:895)\n\tat org.openqa.selenium.support.ui.ExpectedConditions.access$000(ExpectedConditions.java:44)\n\tat org.openqa.selenium.support.ui.ExpectedConditions$7.apply(ExpectedConditions.java:206)\n\tat org.openqa.selenium.support.ui.ExpectedConditions$7.apply(ExpectedConditions.java:202)\n\tat org.openqa.selenium.support.ui.FluentWait.until(FluentWait.java:260)\n\t... 25 more\n"},"stage":"finished","start":1538193944272,"stop":1538193975561,"parameters":[]}